<?xml version="1.0" encoding="UTF-8"?>
<!-- Generated by org.testng.reporters.JUnitReportReporter -->
<testsuite skipped="0" hostname="LAPTOP-6HQKB9E7" name="org.sample.CClass" tests="18" failures="0" timestamp="06 May 2023 07:44:43 GMT" time="0.020" errors="0">
  <testcase name="tC22" time="0.002" classname="org.sample.CClass"/>
  <testcase name="tC18" time="0.001" classname="org.sample.CClass"/>
  <testcase name="tC22" time="0.001" classname="org.sample.CClass"/>
  <testcase name="tC17" time="0.001" classname="org.sample.CClass"/>
  <testcase name="tC17" time="0.001" classname="org.sample.CClass"/>
  <testcase name="tC21" time="0.001" classname="org.sample.CClass"/>
  <testcase name="tC21" time="0.002" classname="org.sample.CClass"/>
  <testcase name="tC19" time="0.002" classname="org.sample.CClass"/>
  <testcase name="tC17" time="0.001" classname="org.sample.CClass"/>
  <testcase name="tC22" time="0.001" classname="org.sample.CClass"/>
  <testcase name="tC18" time="0.001" classname="org.sample.CClass"/>
  <testcase name="tC18" time="0.001" classname="org.sample.CClass"/>
  <testcase name="tC20" time="0.001" classname="org.sample.CClass"/>
  <testcase name="tC20" time="0.001" classname="org.sample.CClass"/>
  <testcase name="tC20" time="0.001" classname="org.sample.CClass"/>
  <testcase name="tC19" time="0.001" classname="org.sample.CClass"/>
  <testcase name="tC19" time="0.001" classname="org.sample.CClass"/>
  <testcase name="tC21" time="0.000" classname="org.sample.CClass"/>
</testsuite> <!-- org.sample.CClass -->
