<?xml version="1.0" encoding="UTF-8"?>
<!-- Generated by org.testng.reporters.JUnitReportReporter -->
<testsuite skipped="0" hostname="LAPTOP-6HQKB9E7" name="org.sample.BClass" tests="4" failures="0" timestamp="24 Mar 2023 08:44:06 GMT" time="0.017" errors="0">
  <testcase name="tC12" time="0.001" classname="org.sample.BClass"/>
  <testcase name="tC10" time="0.013" classname="org.sample.BClass"/>
  <testcase name="tC16" time="0.001" classname="org.sample.BClass"/>
  <testcase name="tC11" time="0.002" classname="org.sample.BClass"/>
</testsuite> <!-- org.sample.BClass -->
